<?xml version="1.0" encoding="UTF-8"?>
<testsuite xmlns:xsi="http://www.w3.org/2001/XMLSchema-instance" xsi:noNamespaceSchemaLocation="https://maven.apache.org/surefire/maven-surefire-plugin/xsd/surefire-test-report.xsd" name="com.example.BookShelfServiceTest" time="1.503" tests="7" errors="0" skipped="0" failures="0">
  <properties>
[...]
</properties>
  <testcase name="getBookbyIsbn" classname="com.example.BookShelfServiceTest" time="1.329"/>
  <testcase name="getBooksByAuthor" classname="com.example.BookShelfServiceTest" time="0.026"/>
  <testcase name="putBook" classname="com.example.BookShelfServiceTest" time="0.019"/>
  <testcase name="getBook" classname="com.example.BookShelfServiceTest" time="0.002"/>
  <testcase name="getUpdatedBookShelf" classname="com.example.BookShelfServiceTest" time="0.008"/>
  <testcase name="postBookbyisbn" classname="com.example.BookShelfServiceTest" time="0.002"/>
  <testcase name="getUpdatedBooks" classname="com.example.BookShelfServiceTest" time="0.001"/>
</testsuite>